c:\users\morgan\documents\visual studio 2013\projects\consoleapplication6\consoleapplication6\debug\consoleapplication6.pch
c:\users\morgan\documents\visual studio 2013\projects\consoleapplication6\consoleapplication6\debug\vc120.pdb
c:\users\morgan\documents\visual studio 2013\projects\consoleapplication6\consoleapplication6\debug\vc120.idb
c:\users\morgan\documents\visual studio 2013\projects\consoleapplication6\consoleapplication6\debug\stdafx.obj
c:\users\morgan\documents\visual studio 2013\projects\consoleapplication6\consoleapplication6\debug\consoleapplication6.obj
c:\users\morgan\documents\visual studio 2013\projects\consoleapplication6\consoleapplication6\debug\bmploader.obj
c:\users\morgan\documents\visual studio 2013\projects\consoleapplication6\consoleapplication6\debug\rendermodulestubb.obj
c:\users\morgan\documents\visual studio 2013\projects\consoleapplication6\consoleapplication6\debug\tgaloader.obj
c:\users\morgan\documents\visual studio 2013\projects\consoleapplication6\consoleapplication6\debug\imageloaderfactory.obj
c:\users\morgan\documents\visual studio 2013\projects\consoleapplication6\consoleapplication6\debug\texturemanager.obj
c:\users\morgan\documents\visual studio 2013\projects\consoleapplication6\consoleapplication6\debug\imagecreationhandler.obj
c:\users\morgan\documents\visual studio 2013\projects\consoleapplication6\debug\consoleapplication6.ilk
c:\users\morgan\documents\visual studio 2013\projects\consoleapplication6\debug\consoleapplication6.exe
c:\users\morgan\documents\visual studio 2013\projects\consoleapplication6\debug\consoleapplication6.pdb
c:\users\morgan\documents\visual studio 2013\projects\consoleapplication6\consoleapplication6\debug\consolea.42dbe030.tlog\cl.command.1.tlog
c:\users\morgan\documents\visual studio 2013\projects\consoleapplication6\consoleapplication6\debug\consolea.42dbe030.tlog\cl.read.1.tlog
c:\users\morgan\documents\visual studio 2013\projects\consoleapplication6\consoleapplication6\debug\consolea.42dbe030.tlog\cl.write.1.tlog
c:\users\morgan\documents\visual studio 2013\projects\consoleapplication6\consoleapplication6\debug\consolea.42dbe030.tlog\link.command.1.tlog
c:\users\morgan\documents\visual studio 2013\projects\consoleapplication6\consoleapplication6\debug\consolea.42dbe030.tlog\link.read.1.tlog
c:\users\morgan\documents\visual studio 2013\projects\consoleapplication6\consoleapplication6\debug\consolea.42dbe030.tlog\link.write.1.tlog
